2026-04-26 02:39:06.143 [INFO] ALoyoApp: ALOYO Application starting...
2026-04-26 02:39:06.143 [INFO] ALoyoApp: App version: 1.0.0
2026-04-26 02:39:06.143 [INFO] ALoyoApp: Device: OnePlus PKR110
2026-04-26 02:39:06.143 [INFO] ALoyoApp: Android: 15 (API 35)
2026-04-26 02:39:06.143 [INFO] ALoyoApp: ALOYO Application initialized
2026-04-26 02:39:06.229 [INFO] MainActivity: MainActivity created
2026-04-26 02:39:13.403 [INFO] MainActivity: Model imported successfully: wa
2026-04-26 02:39:21.878 [INFO] MainActivity: Model config updated: wa
2026-04-26 02:39:26.623 [INFO] MainActivity: Loading model: wa
2026-04-26 02:39:26.657 [INFO] MainActivity: Model loaded successfully: wa
2026-04-26 02:39:30.845 [INFO] MainActivity: Overlay permission granted
2026-04-26 02:39:35.085 [INFO] MainActivity: Capture and inference started
2026-04-26 02:39:35.085 [INFO] MainActivity: MediaProjection permission granted
2026-04-26 02:39:35.154 [INFO] MainActivity: CaptureService bound and callback set
2026-04-26 02:39:35.205 [INFO] MainActivity: Inference stats: 1 frames in 1777142375205ms (0.0 fps), detections=19, latency=17ms
2026-04-26 02:39:38.221 [INFO] MainActivity: Inference stats: 100 frames in 3016ms (33.2 fps), detections=19, latency=7ms
2026-04-26 02:39:41.236 [INFO] MainActivity: Inference stats: 99 frames in 3015ms (32.8 fps), detections=24, latency=11ms
2026-04-26 02:39:44.241 [INFO] MainActivity: Inference stats: 89 frames in 3005ms (29.6 fps), detections=9, latency=6ms
2026-04-26 02:39:47.256 [INFO] MainActivity: Inference stats: 117 frames in 3015ms (38.8 fps), detections=8, latency=5ms
2026-04-26 02:39:50.268 [INFO] MainActivity: Inference stats: 101 frames in 3012ms (33.5 fps), detections=7, latency=8ms
2026-04-26 02:39:53.301 [INFO] MainActivity: Inference stats: 79 frames in 3033ms (26.0 fps), detections=14, latency=7ms
2026-04-26 02:39:56.307 [INFO] MainActivity: Inference stats: 98 frames in 3006ms (32.6 fps), detections=10, latency=20ms
2026-04-26 02:39:59.352 [INFO] MainActivity: Inference stats: 97 frames in 3045ms (31.9 fps), detections=8, latency=20ms
2026-04-26 02:40:02.364 [INFO] MainActivity: Inference stats: 65 frames in 3012ms (21.6 fps), detections=11, latency=13ms
2026-04-26 02:40:05.371 [INFO] MainActivity: Inference stats: 59 frames in 3007ms (19.6 fps), detections=9, latency=13ms
2026-04-26 02:40:08.378 [INFO] MainActivity: Inference stats: 59 frames in 3007ms (19.6 fps), detections=10, latency=15ms
2026-04-26 02:40:11.403 [INFO] MainActivity: Inference stats: 67 frames in 3025ms (22.1 fps), detections=8, latency=8ms
2026-04-26 02:40:14.403 [INFO] MainActivity: Inference stats: 79 frames in 3000ms (26.3 fps), detections=11, latency=16ms
2026-04-26 02:40:17.431 [INFO] MainActivity: Inference stats: 61 frames in 3028ms (20.1 fps), detections=12, latency=16ms
2026-04-26 02:40:20.445 [INFO] MainActivity: Inference stats: 60 frames in 3014ms (19.9 fps), detections=8, latency=16ms
2026-04-26 02:40:23.481 [INFO] MainActivity: Inference stats: 61 frames in 3036ms (20.1 fps), detections=7, latency=10ms
2026-04-26 02:40:26.528 [INFO] MainActivity: Inference stats: 66 frames in 3047ms (21.7 fps), detections=9, latency=16ms
2026-04-26 02:40:29.545 [INFO] MainActivity: Inference stats: 69 frames in 3017ms (22.9 fps), detections=8, latency=16ms
2026-04-26 02:40:32.550 [INFO] MainActivity: Inference stats: 65 frames in 3005ms (21.6 fps), detections=7, latency=15ms
2026-04-26 02:40:35.569 [INFO] MainActivity: Inference stats: 63 frames in 3019ms (20.9 fps), detections=9, latency=13ms
2026-04-26 02:40:38.591 [INFO] MainActivity: Inference stats: 77 frames in 3022ms (25.5 fps), detections=7, latency=5ms
2026-04-26 02:40:41.625 [INFO] MainActivity: Inference stats: 76 frames in 3034ms (25.0 fps), detections=9, latency=9ms
2026-04-26 02:40:44.635 [INFO] MainActivity: Inference stats: 78 frames in 3010ms (25.9 fps), detections=7, latency=10ms
2026-04-26 02:40:47.662 [INFO] MainActivity: Inference stats: 77 frames in 3027ms (25.4 fps), detections=7, latency=11ms
2026-04-26 02:40:50.672 [INFO] MainActivity: Inference stats: 74 frames in 3010ms (24.6 fps), detections=11, latency=9ms
2026-04-26 02:40:53.680 [INFO] MainActivity: Inference stats: 75 frames in 3008ms (24.9 fps), detections=9, latency=9ms
2026-04-26 02:40:56.715 [INFO] MainActivity: Inference stats: 77 frames in 3035ms (25.4 fps), detections=12, latency=13ms
2026-04-26 02:40:59.755 [INFO] MainActivity: Inference stats: 70 frames in 3040ms (23.0 fps), detections=12, latency=15ms
2026-04-26 02:41:02.788 [INFO] MainActivity: Inference stats: 62 frames in 3033ms (20.4 fps), detections=10, latency=10ms
2026-04-26 02:41:05.818 [INFO] MainActivity: Inference stats: 65 frames in 3029ms (21.5 fps), detections=9, latency=13ms
2026-04-26 02:41:08.838 [INFO] MainActivity: Inference stats: 67 frames in 3021ms (22.2 fps), detections=9, latency=9ms
2026-04-26 02:41:11.864 [INFO] MainActivity: Inference stats: 99 frames in 3026ms (32.7 fps), detections=9, latency=7ms
2026-04-26 02:41:14.882 [INFO] MainActivity: Inference stats: 92 frames in 3018ms (30.5 fps), detections=10, latency=8ms
2026-04-26 02:41:17.912 [INFO] MainActivity: Inference stats: 76 frames in 3030ms (25.1 fps), detections=8, latency=9ms
2026-04-26 02:41:20.918 [INFO] MainActivity: Inference stats: 76 frames in 3006ms (25.3 fps), detections=12, latency=10ms
2026-04-26 02:41:23.919 [INFO] MainActivity: Inference stats: 76 frames in 3001ms (25.3 fps), detections=9, latency=10ms
2026-04-26 02:41:26.932 [INFO] MainActivity: Inference stats: 73 frames in 3013ms (24.2 fps), detections=10, latency=11ms
2026-04-26 02:41:29.956 [INFO] MainActivity: Inference stats: 77 frames in 3024ms (25.5 fps), detections=17, latency=7ms
2026-04-26 02:41:30.055 [INFO] MainActivity: Capture and inference stopped
