2026-04-26 02:52:00.079 [INFO] ALoyoApp: ALOYO Application starting...
2026-04-26 02:52:00.079 [INFO] ALoyoApp: App version: 1.0.0
2026-04-26 02:52:00.079 [INFO] ALoyoApp: Device: OnePlus PKR110
2026-04-26 02:52:00.079 [INFO] ALoyoApp: Android: 15 (API 35)
2026-04-26 02:52:00.079 [INFO] ALoyoApp: ALOYO Application initialized
2026-04-26 02:52:00.162 [INFO] MainActivity: MainActivity created
2026-04-26 02:52:08.199 [INFO] MainActivity: Model imported successfully: wa
2026-04-26 02:52:13.900 [INFO] MainActivity: Model config updated: wa
2026-04-26 02:52:18.593 [INFO] MainActivity: Loading model: wa
2026-04-26 02:52:18.624 [INFO] MainActivity: Model loaded successfully: wa
2026-04-26 02:52:23.082 [INFO] MainActivity: Overlay permission granted
2026-04-26 02:52:23.121 [INFO] MainActivity: OverlayView: onDraw: count=1, view=1264x2780, src=0x0, scale=1.00x1.00, dets=0, hasData=false, sample=none
2026-04-26 02:52:27.173 [INFO] MainActivity: Capture and inference started
2026-04-26 02:52:27.173 [INFO] MainActivity: MediaProjection permission granted
2026-04-26 02:52:27.216 [INFO] MainActivity: OverlayView: onDraw: count=1, view=1264x2780, src=0x0, scale=1.00x1.00, dets=0, hasData=false, sample=none
2026-04-26 02:52:27.232 [INFO] MainActivity: CaptureService bound and callback set
2026-04-26 02:52:27.282 [INFO] MainActivity: Inference stats: 1 frames in 1777143147282ms (0.0 fps), detections=19, latency=20ms
2026-04-26 02:52:27.288 [INFO] MainActivity: OverlayView: onDraw: count=2, view=1264x2780, src=1264x2780, scale=1.00x1.00, dets=19, hasData=true, sample=x1=0.0,y1=6.917019,x2=0.0,y2=0.0,label=Body
2026-04-26 02:52:27.313 [INFO] MainActivity: OverlayView: onDraw: count=3, view=1264x2780, src=1264x2780, scale=1.00x1.00, dets=18, hasData=true, sample=x1=0.0,y1=8.050413,x2=0.0,y2=0.0,label=Body
2026-04-26 02:52:30.303 [INFO] MainActivity: Inference stats: 104 frames in 3021ms (34.4 fps), detections=23, latency=7ms
2026-04-26 02:52:30.315 [INFO] MainActivity: OverlayView: onDraw: count=94, view=1264x2780, src=1264x2780, scale=1.00x1.00, dets=23, hasData=true, sample=x1=0.0,y1=7.7627563,x2=0.0,y2=0.0,label=Body
2026-04-26 02:52:33.327 [INFO] MainActivity: Inference stats: 95 frames in 3024ms (31.4 fps), detections=11, latency=10ms
2026-04-26 02:52:33.342 [INFO] MainActivity: OverlayView: onDraw: count=190, view=1264x2780, src=1264x2780, scale=1.00x1.00, dets=11, hasData=true, sample=x1=0.0,y1=3.5473251,x2=0.0,y2=0.0,label=Body
2026-04-26 02:52:36.339 [INFO] MainActivity: Inference stats: 107 frames in 3012ms (35.5 fps), detections=11, latency=9ms
2026-04-26 02:52:36.352 [INFO] MainActivity: OverlayView: onDraw: count=297, view=1264x2780, src=1264x2780, scale=1.00x1.00, dets=11, hasData=true, sample=x1=0.0,y1=4.284363,x2=0.0,y2=0.0,label=Body
2026-04-26 02:52:39.352 [INFO] MainActivity: Inference stats: 83 frames in 3013ms (27.5 fps), detections=9, latency=10ms
2026-04-26 02:52:39.366 [INFO] MainActivity: OverlayView: onDraw: count=380, view=1264x2780, src=1264x2780, scale=1.00x1.00, dets=9, hasData=true, sample=x1=0.0,y1=4.4275284,x2=0.0,y2=0.0,label=Body
2026-04-26 02:52:42.364 [INFO] MainActivity: Inference stats: 63 frames in 3012ms (20.9 fps), detections=10, latency=13ms
2026-04-26 02:52:42.376 [INFO] MainActivity: OverlayView: onDraw: count=443, view=1264x2780, src=1264x2780, scale=1.00x1.00, dets=10, hasData=true, sample=x1=0.0,y1=3.6798859,x2=0.0,y2=0.0,label=Body
2026-04-26 02:52:45.380 [INFO] MainActivity: Inference stats: 62 frames in 3016ms (20.6 fps), detections=8, latency=13ms
2026-04-26 02:52:45.387 [INFO] MainActivity: OverlayView: onDraw: count=505, view=1264x2780, src=1264x2780, scale=1.00x1.00, dets=8, hasData=true, sample=x1=0.0,y1=4.061661,x2=0.0,y2=0.0,label=Body
2026-04-26 02:52:48.381 [INFO] MainActivity: Inference stats: 61 frames in 3001ms (20.3 fps), detections=11, latency=14ms
2026-04-26 02:52:48.397 [INFO] MainActivity: OverlayView: onDraw: count=566, view=1264x2780, src=1264x2780, scale=1.00x1.00, dets=11, hasData=true, sample=x1=0.0,y1=3.9609146,x2=0.0,y2=0.0,label=Body
2026-04-26 02:52:51.419 [INFO] MainActivity: Inference stats: 68 frames in 3038ms (22.4 fps), detections=9, latency=13ms
2026-04-26 02:52:51.424 [INFO] MainActivity: OverlayView: onDraw: count=634, view=1264x2780, src=1264x2780, scale=1.00x1.00, dets=9, hasData=true, sample=x1=0.0,y1=4.4275284,x2=0.0,y2=0.0,label=Body
2026-04-26 02:52:54.469 [INFO] MainActivity: Inference stats: 61 frames in 3050ms (20.0 fps), detections=9, latency=15ms
2026-04-26 02:52:54.484 [INFO] MainActivity: OverlayView: onDraw: count=695, view=1264x2780, src=1264x2780, scale=1.00x1.00, dets=9, hasData=true, sample=x1=0.0,y1=4.210129,x2=0.0,y2=0.0,label=Body
2026-04-26 02:52:57.476 [INFO] MainActivity: Inference stats: 94 frames in 3007ms (31.3 fps), detections=8, latency=6ms
2026-04-26 02:52:57.516 [INFO] MainActivity: OverlayView: onDraw: count=790, view=1264x2780, src=1264x2780, scale=1.00x1.00, dets=8, hasData=true, sample=x1=0.0,y1=4.4275284,x2=0.0,y2=0.0,label=Body
2026-04-26 02:53:00.510 [INFO] MainActivity: Inference stats: 102 frames in 3034ms (33.6 fps), detections=8, latency=11ms
2026-04-26 02:53:00.526 [INFO] MainActivity: OverlayView: onDraw: count=891, view=1264x2780, src=1264x2780, scale=1.00x1.00, dets=8, hasData=true, sample=x1=0.0,y1=6.993904,x2=0.0,y2=0.0,label=Body
2026-04-26 02:53:03.539 [INFO] MainActivity: Inference stats: 71 frames in 3029ms (23.4 fps), detections=7, latency=10ms
2026-04-26 02:53:03.554 [INFO] MainActivity: OverlayView: onDraw: count=962, view=1264x2780, src=1264x2780, scale=1.00x1.00, dets=7, hasData=true, sample=x1=0.0,y1=4.0086365,x2=0.0,y2=0.0,label=Body
2026-04-26 02:53:06.578 [INFO] MainActivity: Inference stats: 77 frames in 3038ms (25.3 fps), detections=9, latency=11ms
2026-04-26 02:53:06.581 [INFO] MainActivity: OverlayView: onDraw: count=1039, view=1264x2780, src=1264x2780, scale=1.00x1.00, dets=9, hasData=true, sample=x1=0.0,y1=3.372345,x2=0.0,y2=0.0,label=Body
2026-04-26 02:53:09.589 [INFO] MainActivity: Inference stats: 77 frames in 3012ms (25.6 fps), detections=7, latency=10ms
2026-04-26 02:53:09.592 [INFO] MainActivity: OverlayView: onDraw: count=1116, view=1264x2780, src=1264x2780, scale=1.00x1.00, dets=7, hasData=true, sample=x1=0.0,y1=5.376663,x2=0.0,y2=0.0,label=Body
2026-04-26 02:53:12.589 [INFO] MainActivity: Inference stats: 74 frames in 3000ms (24.7 fps), detections=8, latency=9ms
2026-04-26 02:53:12.603 [INFO] MainActivity: OverlayView: onDraw: count=1190, view=1264x2780, src=1264x2780, scale=1.00x1.00, dets=8, hasData=true, sample=x1=0.0,y1=4.1571045,x2=0.0,y2=0.0,label=Body
2026-04-26 02:53:15.626 [INFO] MainActivity: Inference stats: 75 frames in 3037ms (24.7 fps), detections=8, latency=10ms
2026-04-26 02:53:15.631 [INFO] MainActivity: OverlayView: onDraw: count=1265, view=1264x2780, src=1264x2780, scale=1.00x1.00, dets=8, hasData=true, sample=x1=0.0,y1=3.8972855,x2=0.0,y2=0.0,label=Body
2026-04-26 02:53:18.640 [INFO] MainActivity: Inference stats: 74 frames in 3014ms (24.6 fps), detections=8, latency=11ms
2026-04-26 02:53:18.641 [INFO] MainActivity: OverlayView: onDraw: count=1339, view=1264x2780, src=1264x2780, scale=1.00x1.00, dets=8, hasData=true, sample=x1=0.0,y1=3.520813,x2=0.0,y2=0.0,label=Body
2026-04-26 02:53:21.658 [INFO] MainActivity: Inference stats: 77 frames in 3018ms (25.5 fps), detections=7, latency=10ms
2026-04-26 02:53:21.669 [INFO] MainActivity: OverlayView: onDraw: count=1416, view=1264x2780, src=1264x2780, scale=1.00x1.00, dets=7, hasData=true, sample=x1=0.0,y1=3.2556915,x2=0.0,y2=0.0,label=Body
2026-04-26 02:53:24.680 [INFO] MainActivity: Inference stats: 76 frames in 3022ms (25.1 fps), detections=9, latency=11ms
2026-04-26 02:53:24.696 [INFO] MainActivity: OverlayView: onDraw: count=1492, view=1264x2780, src=1264x2780, scale=1.00x1.00, dets=9, hasData=true, sample=x1=0.0,y1=3.6533737,x2=0.0,y2=0.0,label=Body
2026-04-26 02:53:27.685 [INFO] MainActivity: Inference stats: 76 frames in 3005ms (25.3 fps), detections=8, latency=10ms
2026-04-26 02:53:27.724 [INFO] MainActivity: OverlayView: onDraw: count=1569, view=1264x2780, src=1264x2780, scale=1.00x1.00, dets=7, hasData=true, sample=x1=0.0,y1=4.634323,x2=0.0,y2=0.0,label=Body
2026-04-26 02:53:30.705 [INFO] MainActivity: Inference stats: 76 frames in 3020ms (25.2 fps), detections=8, latency=10ms
2026-04-26 02:53:30.751 [INFO] MainActivity: OverlayView: onDraw: count=1645, view=1264x2780, src=1264x2780, scale=1.00x1.00, dets=9, hasData=true, sample=x1=0.0,y1=3.2397842,x2=0.0,y2=0.0,label=Body
2026-04-26 02:53:33.708 [INFO] MainActivity: Inference stats: 75 frames in 3003ms (25.0 fps), detections=7, latency=9ms
2026-04-26 02:53:33.762 [INFO] MainActivity: OverlayView: onDraw: count=1720, view=1264x2780, src=1264x2780, scale=1.00x1.00, dets=7, hasData=true, sample=x1=0.0,y1=4.0192413,x2=0.0,y2=0.0,label=Body
2026-04-26 02:53:36.710 [INFO] MainActivity: Inference stats: 75 frames in 3002ms (25.0 fps), detections=7, latency=10ms
2026-04-26 02:53:36.806 [INFO] MainActivity: OverlayView: onDraw: count=1796, view=1264x2780, src=1264x2780, scale=1.00x1.00, dets=9, hasData=true, sample=x1=0.0,y1=4.061661,x2=0.0,y2=0.0,label=Body
2026-04-26 02:53:39.717 [INFO] MainActivity: Inference stats: 76 frames in 3006ms (25.3 fps), detections=7, latency=9ms
2026-04-26 02:53:39.834 [INFO] MainActivity: OverlayView: onDraw: count=1873, view=1264x2780, src=1264x2780, scale=1.00x1.00, dets=8, hasData=true, sample=x1=0.0,y1=3.18676,x2=0.0,y2=0.0,label=Body
2026-04-26 02:53:42.724 [INFO] MainActivity: Inference stats: 75 frames in 3007ms (24.9 fps), detections=8, latency=9ms
2026-04-26 02:53:42.864 [INFO] MainActivity: OverlayView: onDraw: count=1948, view=1264x2780, src=1264x2780, scale=1.00x1.00, dets=8, hasData=true, sample=x1=0.0,y1=3.324623,x2=0.0,y2=0.0,label=Body
2026-04-26 02:53:45.745 [INFO] MainActivity: Inference stats: 75 frames in 3022ms (24.8 fps), detections=8, latency=10ms
2026-04-26 02:53:45.872 [INFO] MainActivity: OverlayView: onDraw: count=2023, view=1264x2780, src=1264x2780, scale=1.00x1.00, dets=7, hasData=true, sample=x1=0.0,y1=3.5897446,x2=0.0,y2=0.0,label=Body
2026-04-26 02:53:48.780 [INFO] MainActivity: Inference stats: 74 frames in 3035ms (24.4 fps), detections=8, latency=10ms
2026-04-26 02:53:48.916 [INFO] MainActivity: OverlayView: onDraw: count=2097, view=1264x2780, src=1264x2780, scale=1.00x1.00, dets=7, hasData=true, sample=x1=0.0,y1=3.6639786,x2=0.0,y2=0.0,label=Body
2026-04-26 02:53:51.816 [INFO] MainActivity: Inference stats: 75 frames in 3036ms (24.7 fps), detections=7, latency=10ms
2026-04-26 02:53:51.944 [INFO] MainActivity: OverlayView: onDraw: count=2172, view=1264x2780, src=1264x2780, scale=1.00x1.00, dets=8, hasData=true, sample=x1=0.0,y1=4.6290207,x2=0.0,y2=0.0,label=Body
2026-04-26 02:53:54.827 [INFO] MainActivity: Inference stats: 74 frames in 3011ms (24.6 fps), detections=7, latency=10ms
2026-04-26 02:53:54.955 [INFO] MainActivity: OverlayView: onDraw: count=2246, view=1264x2780, src=1264x2780, scale=1.00x1.00, dets=7, hasData=true, sample=x1=0.0,y1=3.7541199,x2=0.0,y2=0.0,label=Body
2026-04-26 02:53:57.859 [INFO] MainActivity: Inference stats: 74 frames in 3032ms (24.4 fps), detections=9, latency=9ms
2026-04-26 02:53:57.982 [INFO] MainActivity: OverlayView: onDraw: count=2320, view=1264x2780, src=1264x2780, scale=1.00x1.00, dets=10, hasData=true, sample=x1=0.0,y1=4.931259,x2=0.0,y2=0.0,label=Body
2026-04-26 02:54:00.877 [INFO] MainActivity: Inference stats: 71 frames in 3018ms (23.5 fps), detections=10, latency=10ms
2026-04-26 02:54:01.010 [INFO] MainActivity: OverlayView: onDraw: count=2391, view=1264x2780, src=1264x2780, scale=1.00x1.00, dets=12, hasData=true, sample=x1=0.0,y1=3.976822,x2=0.0,y2=0.0,label=Body
2026-04-26 02:54:03.888 [INFO] MainActivity: Inference stats: 73 frames in 3011ms (24.2 fps), detections=9, latency=12ms
2026-04-26 02:54:04.020 [INFO] MainActivity: OverlayView: onDraw: count=2464, view=1264x2780, src=1264x2780, scale=1.00x1.00, dets=10, hasData=true, sample=x1=0.0,y1=4.3532944,x2=0.0,y2=0.0,label=Body
2026-04-26 02:54:06.919 [INFO] MainActivity: Inference stats: 74 frames in 3031ms (24.4 fps), detections=9, latency=9ms
2026-04-26 02:54:07.048 [INFO] MainActivity: OverlayView: onDraw: count=2538, view=1264x2780, src=1264x2780, scale=1.00x1.00, dets=9, hasData=true, sample=x1=0.0,y1=4.5176697,x2=0.0,y2=0.0,label=Body
2026-04-26 02:54:09.958 [INFO] MainActivity: Inference stats: 74 frames in 3039ms (24.4 fps), detections=9, latency=10ms
2026-04-26 02:54:10.092 [INFO] MainActivity: OverlayView: onDraw: count=2612, view=1264x2780, src=1264x2780, scale=1.00x1.00, dets=9, hasData=true, sample=x1=0.0,y1=4.0086365,x2=0.0,y2=0.0,label=Body
2026-04-26 02:54:12.992 [INFO] MainActivity: Inference stats: 74 frames in 3034ms (24.4 fps), detections=10, latency=9ms
2026-04-26 02:54:13.119 [INFO] MainActivity: OverlayView: onDraw: count=2686, view=1264x2780, src=1264x2780, scale=1.00x1.00, dets=10, hasData=true, sample=x1=0.0,y1=5.731926,x2=0.0,y2=0.0,label=Body
2026-04-26 02:54:16.025 [INFO] MainActivity: Inference stats: 72 frames in 3032ms (23.7 fps), detections=10, latency=9ms
2026-04-26 02:54:16.147 [INFO] MainActivity: OverlayView: onDraw: count=2758, view=1264x2780, src=1264x2780, scale=1.00x1.00, dets=10, hasData=true, sample=x1=0.0,y1=4.0722656,x2=0.0,y2=0.0,label=Body
2026-04-26 02:54:19.046 [INFO] MainActivity: Inference stats: 74 frames in 3022ms (24.5 fps), detections=9, latency=9ms
2026-04-26 02:54:19.174 [INFO] MainActivity: OverlayView: onDraw: count=2832, view=1264x2780, src=1264x2780, scale=1.00x1.00, dets=10, hasData=true, sample=x1=0.0,y1=4.4646454,x2=0.0,y2=0.0,label=Body
2026-04-26 02:54:22.052 [INFO] MainActivity: Inference stats: 80 frames in 3006ms (26.6 fps), detections=17, latency=7ms
2026-04-26 02:54:22.874 [INFO] MainActivity: Capture and inference stopped
