2026-04-26 01:57:18.959 [INFO] ALoyoApp: ALOYO Application starting...
2026-04-26 01:57:18.959 [INFO] ALoyoApp: App version: 1.0.0
2026-04-26 01:57:18.959 [INFO] ALoyoApp: Device: OnePlus PKR110
2026-04-26 01:57:18.959 [INFO] ALoyoApp: Android: 15 (API 35)
2026-04-26 01:57:18.959 [INFO] ALoyoApp: ALOYO Application initialized
2026-04-26 01:57:19.042 [INFO] MainActivity: MainActivity created
2026-04-26 01:57:30.870 [INFO] MainActivity: Model imported successfully: wa
2026-04-26 01:57:46.608 [INFO] MainActivity: Loading model: wa
2026-04-26 01:57:46.631 [INFO] MainActivity: Model loaded successfully: wa
2026-04-26 01:57:50.787 [INFO] MainActivity: Overlay permission granted
2026-04-26 01:57:55.598 [INFO] MainActivity: Capture and inference started
2026-04-26 01:57:55.598 [INFO] MainActivity: MediaProjection permission granted
2026-04-26 01:57:55.659 [INFO] MainActivity: CaptureService bound and callback set
2026-04-26 01:57:55.703 [ERROR] MainActivity: Error processing frame
android.view.ViewRootImpl$CalledFromWrongThreadException: Only the original thread that created a view hierarchy can touch its views. Expected: main Calling: ALOYO_CaptureThread
	at android.view.ViewRootImpl.checkThread(ViewRootImpl.java:12328)
	at android.view.ViewRootImpl.invalidateChildInParent(ViewRootImpl.java:2804)
	at android.view.ViewRootImpl.invalidateChild(ViewRootImpl.java:2799)
	at android.view.View.invalidateInternal(View.java:21157)
	at android.view.View.invalidate(View.java:21109)
	at android.view.View.invalidate(View.java:21091)
	at com.aloyo.overlay.DetectionOverlayView.updateDetections(DetectionOverlayView.kt:91)
	at com.aloyo.overlay.OverlayManager.updateDetections(OverlayManager.kt:180)
	at com.aloyo.app.MainActivity.onCaptureFrame(MainActivity.kt:989)
	at com.aloyo.app.MainActivity.access$onCaptureFrame(MainActivity.kt:44)
	at com.aloyo.app.MainActivity$serviceConnection$1$onServiceConnected$1.onFrame(MainActivity.kt:114)
	at com.aloyo.capture.CaptureManager.processImage(CaptureManager.kt:209)
	at com.aloyo.capture.CaptureManager.setupVirtualDisplay$lambda$1(CaptureManager.kt:157)
	at com.aloyo.capture.CaptureManager.$r8$lambda$lvnQKLIJqxmfiWnWuRXgMwqZ8Xo(Unknown Source:0)
	at com.aloyo.capture.CaptureManager$$ExternalSyntheticLambda0.onImageAvailable(Unknown Source:2)
	at android.media.ImageReader$1.run(ImageReader.java:949)
	at android.os.Handler.handleCallback(Handler.java:959)
	at android.os.Handler.dispatchMessage(Handler.java:100)
	at android.os.Looper.loopOnce(Looper.java:282)
	at android.os.Looper.loop(Looper.java:387)
	at android.os.HandlerThread.run(HandlerThread.java:85)

2026-04-26 01:57:55.729 [ERROR] MainActivity: Error processing frame
android.view.ViewRootImpl$CalledFromWrongThreadException: Only the original thread that created a view hierarchy can touch its views. Expected: main Calling: ALOYO_CaptureThread
	at android.view.ViewRootImpl.checkThread(ViewRootImpl.java:12328)
	at android.view.ViewRootImpl.requestLayout(ViewRootImpl.java:2757)
	at android.view.ViewExtImpl.hookRequestLayout(ViewExtImpl.java:552)
	at android.view.View.requestLayout(View.java:28534)
	at android.view.ViewExtImpl.hookRequestLayout(ViewExtImpl.java:552)
	at android.view.View.requestLayout(View.java:28534)
	at android.view.ViewExtImpl.hookRequestLayout(ViewExtImpl.java:552)
	at android.view.View.requestLayout(View.java:28534)
	at android.widget.TextView.checkForRelayout(TextView.java:11806)
	at android.widget.TextView.setText(TextView.java:7526)
	at android.widget.TextView.setText(TextView.java:7341)
	at android.widget.TextView.setText(TextView.java:7279)
	at com.aloyo.overlay.OverlayControlPanel.updateMetrics(OverlayControlPanel.kt:135)
	at com.aloyo.overlay.OverlayManager.updateDetections(OverlayManager.kt:182)
	at com.aloyo.app.MainActivity.onCaptureFrame(MainActivity.kt:989)
	at com.aloyo.app.MainActivity.access$onCaptureFrame(MainActivity.kt:44)
	at com.aloyo.app.MainActivity$serviceConnection$1$onServiceConnected$1.onFrame(MainActivity.kt:114)
	at com.aloyo.capture.CaptureManager.processImage(CaptureManager.kt:209)
	at com.aloyo.capture.CaptureManager.setupVirtualDisplay$lambda$1(CaptureManager.kt:157)
	at com.aloyo.capture.CaptureManager.$r8$lambda$lvnQKLIJqxmfiWnWuRXgMwqZ8Xo(Unknown Source:0)
	at com.aloyo.capture.CaptureManager$$ExternalSyntheticLambda0.onImageAvailable(Unknown Source:2)
	at android.media.ImageReader$1.run(ImageReader.java:949)
	at android.os.Handler.handleCallback(Handler.java:959)
	at android.os.Handler.dispatchMessage(Handler.java:100)
	at android.os.Looper.loopOnce(Looper.java:282)
	at android.os.Looper.loop(Looper.java:387)
	at android.os.HandlerThread.run(HandlerThread.java:85)

2026-04-26 01:57:55.755 [INFO] MainActivity: Inference stats: 1 frames in 1777139875755ms (0.0 fps), detections=17, latency=7ms
2026-04-26 01:57:58.764 [INFO] MainActivity: Inference stats: 102 frames in 3009ms (33.9 fps), detections=19, latency=7ms
2026-04-26 01:58:01.782 [INFO] MainActivity: Inference stats: 95 frames in 3018ms (31.5 fps), detections=16, latency=7ms
2026-04-26 01:58:04.791 [INFO] MainActivity: Inference stats: 102 frames in 3009ms (33.9 fps), detections=23, latency=8ms
2026-04-26 01:58:06.871 [ERROR] MainActivity: Error processing frame
android.view.ViewRootImpl$CalledFromWrongThreadException: Only the original thread that created a view hierarchy can touch its views. Expected: main Calling: ALOYO_CaptureThread
	at android.view.ViewRootImpl.checkThread(ViewRootImpl.java:12328)
	at android.view.ViewRootImpl.invalidateChildInParent(ViewRootImpl.java:2804)
	at android.view.ViewRootImpl.invalidateChild(ViewRootImpl.java:2799)
	at android.view.View.invalidateInternal(View.java:21157)
	at android.view.View.invalidate(View.java:21109)
	at android.view.View.invalidate(View.java:21091)
	at com.aloyo.overlay.DetectionOverlayView.updateDetections(DetectionOverlayView.kt:91)
	at com.aloyo.overlay.OverlayManager.updateDetections(OverlayManager.kt:180)
	at com.aloyo.app.MainActivity.onCaptureFrame(MainActivity.kt:989)
	at com.aloyo.app.MainActivity.access$onCaptureFrame(MainActivity.kt:44)
	at com.aloyo.app.MainActivity$serviceConnection$1$onServiceConnected$1.onFrame(MainActivity.kt:114)
	at com.aloyo.capture.CaptureManager.processImage(CaptureManager.kt:209)
	at com.aloyo.capture.CaptureManager.setupVirtualDisplay$lambda$1(CaptureManager.kt:157)
	at com.aloyo.capture.CaptureManager.$r8$lambda$lvnQKLIJqxmfiWnWuRXgMwqZ8Xo(Unknown Source:0)
	at com.aloyo.capture.CaptureManager$$ExternalSyntheticLambda0.onImageAvailable(Unknown Source:2)
	at android.media.ImageReader$1.run(ImageReader.java:949)
	at android.os.Handler.handleCallback(Handler.java:959)
	at android.os.Handler.dispatchMessage(Handler.java:100)
	at android.os.Looper.loopOnce(Looper.java:282)
	at android.os.Looper.loop(Looper.java:387)
	at android.os.HandlerThread.run(HandlerThread.java:85)

2026-04-26 01:58:06.911 [ERROR] MainActivity: Error processing frame
android.view.ViewRootImpl$CalledFromWrongThreadException: Only the original thread that created a view hierarchy can touch its views. Expected: main Calling: ALOYO_CaptureThread
	at android.view.ViewRootImpl.checkThread(ViewRootImpl.java:12328)
	at android.view.ViewRootImpl.requestLayout(ViewRootImpl.java:2757)
	at android.view.ViewExtImpl.hookRequestLayout(ViewExtImpl.java:552)
	at android.view.View.requestLayout(View.java:28534)
	at android.view.ViewExtImpl.hookRequestLayout(ViewExtImpl.java:552)
	at android.view.View.requestLayout(View.java:28534)
	at android.view.ViewExtImpl.hookRequestLayout(ViewExtImpl.java:552)
	at android.view.View.requestLayout(View.java:28534)
	at android.widget.TextView.checkForRelayout(TextView.java:11806)
	at android.widget.TextView.setText(TextView.java:7526)
	at android.widget.TextView.setText(TextView.java:7341)
	at android.widget.TextView.setText(TextView.java:7279)
	at com.aloyo.overlay.OverlayControlPanel.updateMetrics(OverlayControlPanel.kt:135)
	at com.aloyo.overlay.OverlayManager.updateDetections(OverlayManager.kt:182)
	at com.aloyo.app.MainActivity.onCaptureFrame(MainActivity.kt:989)
	at com.aloyo.app.MainActivity.access$onCaptureFrame(MainActivity.kt:44)
	at com.aloyo.app.MainActivity$serviceConnection$1$onServiceConnected$1.onFrame(MainActivity.kt:114)
	at com.aloyo.capture.CaptureManager.processImage(CaptureManager.kt:209)
	at com.aloyo.capture.CaptureManager.setupVirtualDisplay$lambda$1(CaptureManager.kt:157)
	at com.aloyo.capture.CaptureManager.$r8$lambda$lvnQKLIJqxmfiWnWuRXgMwqZ8Xo(Unknown Source:0)
	at com.aloyo.capture.CaptureManager$$ExternalSyntheticLambda0.onImageAvailable(Unknown Source:2)
	at android.media.ImageReader$1.run(ImageReader.java:949)
	at android.os.Handler.handleCallback(Handler.java:959)
	at android.os.Handler.dispatchMessage(Handler.java:100)
	at android.os.Looper.loopOnce(Looper.java:282)
	at android.os.Looper.loop(Looper.java:387)
	at android.os.HandlerThread.run(HandlerThread.java:85)

2026-04-26 01:58:07.566 [ERROR] MainActivity: Error processing frame
android.view.ViewRootImpl$CalledFromWrongThreadException: Only the original thread that created a view hierarchy can touch its views. Expected: main Calling: ALOYO_CaptureThread
	at android.view.ViewRootImpl.checkThread(ViewRootImpl.java:12328)
	at android.view.ViewRootImpl.requestLayout(ViewRootImpl.java:2757)
	at android.view.ViewExtImpl.hookRequestLayout(ViewExtImpl.java:552)
	at android.view.View.requestLayout(View.java:28534)
	at android.view.ViewExtImpl.hookRequestLayout(ViewExtImpl.java:552)
	at android.view.View.requestLayout(View.java:28534)
	at android.view.ViewExtImpl.hookRequestLayout(ViewExtImpl.java:552)
	at android.view.View.requestLayout(View.java:28534)
	at android.widget.TextView.checkForRelayout(TextView.java:11806)
	at android.widget.TextView.setText(TextView.java:7526)
	at android.widget.TextView.setText(TextView.java:7341)
	at android.widget.TextView.setText(TextView.java:7279)
	at com.aloyo.overlay.OverlayControlPanel.updateMetrics(OverlayControlPanel.kt:135)
	at com.aloyo.overlay.OverlayManager.updateDetections(OverlayManager.kt:182)
	at com.aloyo.app.MainActivity.onCaptureFrame(MainActivity.kt:989)
	at com.aloyo.app.MainActivity.access$onCaptureFrame(MainActivity.kt:44)
	at com.aloyo.app.MainActivity$serviceConnection$1$onServiceConnected$1.onFrame(MainActivity.kt:114)
	at com.aloyo.capture.CaptureManager.processImage(CaptureManager.kt:209)
	at com.aloyo.capture.CaptureManager.setupVirtualDisplay$lambda$1(CaptureManager.kt:157)
	at com.aloyo.capture.CaptureManager.$r8$lambda$lvnQKLIJqxmfiWnWuRXgMwqZ8Xo(Unknown Source:0)
	at com.aloyo.capture.CaptureManager$$ExternalSyntheticLambda0.onImageAvailable(Unknown Source:2)
	at android.media.ImageReader$1.run(ImageReader.java:949)
	at android.os.Handler.handleCallback(Handler.java:959)
	at android.os.Handler.dispatchMessage(Handler.java:100)
	at android.os.Looper.loopOnce(Looper.java:282)
	at android.os.Looper.loop(Looper.java:387)
	at android.os.HandlerThread.run(HandlerThread.java:85)

2026-04-26 01:58:07.820 [INFO] MainActivity: Inference stats: 87 frames in 3029ms (28.7 fps), detections=9, latency=7ms
2026-04-26 01:58:10.838 [INFO] MainActivity: Inference stats: 107 frames in 3018ms (35.5 fps), detections=7, latency=5ms
2026-04-26 01:58:13.849 [INFO] MainActivity: Inference stats: 135 frames in 3011ms (44.8 fps), detections=10, latency=5ms
2026-04-26 01:58:16.863 [INFO] MainActivity: Inference stats: 135 frames in 3014ms (44.8 fps), detections=8, latency=5ms
2026-04-26 01:58:19.875 [INFO] MainActivity: Inference stats: 136 frames in 3012ms (45.2 fps), detections=9, latency=5ms
2026-04-26 01:58:22.887 [INFO] MainActivity: Inference stats: 105 frames in 3012ms (34.9 fps), detections=9, latency=8ms
2026-04-26 01:58:25.888 [INFO] MainActivity: Inference stats: 92 frames in 3001ms (30.7 fps), detections=8, latency=8ms
2026-04-26 01:58:28.894 [INFO] MainActivity: Inference stats: 97 frames in 3006ms (32.3 fps), detections=9, latency=8ms
2026-04-26 01:58:31.903 [INFO] MainActivity: Inference stats: 90 frames in 3009ms (29.9 fps), detections=8, latency=10ms
2026-04-26 01:58:34.949 [INFO] MainActivity: Inference stats: 79 frames in 3046ms (25.9 fps), detections=9, latency=12ms
2026-04-26 01:58:37.966 [INFO] MainActivity: Inference stats: 59 frames in 3017ms (19.6 fps), detections=12, latency=13ms
2026-04-26 01:58:41.004 [INFO] MainActivity: Inference stats: 64 frames in 3038ms (21.1 fps), detections=9, latency=15ms
2026-04-26 01:58:44.034 [INFO] MainActivity: Inference stats: 60 frames in 3030ms (19.8 fps), detections=9, latency=17ms
2026-04-26 01:58:47.052 [INFO] MainActivity: Inference stats: 65 frames in 3018ms (21.5 fps), detections=8, latency=8ms
2026-04-26 01:58:50.066 [INFO] MainActivity: Inference stats: 73 frames in 3014ms (24.2 fps), detections=10, latency=9ms
2026-04-26 01:58:53.099 [INFO] MainActivity: Inference stats: 71 frames in 3033ms (23.4 fps), detections=8, latency=12ms
2026-04-26 01:58:56.134 [INFO] MainActivity: Inference stats: 76 frames in 3035ms (25.0 fps), detections=8, latency=9ms
2026-04-26 01:58:59.164 [INFO] MainActivity: Inference stats: 77 frames in 3030ms (25.4 fps), detections=10, latency=9ms
2026-04-26 01:59:02.166 [INFO] MainActivity: Inference stats: 77 frames in 3002ms (25.6 fps), detections=9, latency=10ms
2026-04-26 01:59:05.183 [INFO] MainActivity: Inference stats: 78 frames in 3017ms (25.9 fps), detections=9, latency=9ms
2026-04-26 01:59:08.189 [INFO] MainActivity: Inference stats: 77 frames in 3006ms (25.6 fps), detections=11, latency=10ms
2026-04-26 01:59:11.198 [INFO] MainActivity: Inference stats: 71 frames in 3008ms (23.6 fps), detections=18, latency=11ms
2026-04-26 01:59:14.236 [INFO] MainActivity: Inference stats: 68 frames in 3039ms (22.4 fps), detections=13, latency=11ms
2026-04-26 01:59:17.252 [INFO] MainActivity: Inference stats: 46 frames in 3015ms (15.3 fps), detections=18, latency=10ms
2026-04-26 01:59:20.253 [INFO] MainActivity: Inference stats: 71 frames in 3001ms (23.7 fps), detections=14, latency=10ms
2026-04-26 01:59:23.285 [INFO] MainActivity: Inference stats: 54 frames in 3033ms (17.8 fps), detections=18, latency=9ms
2026-04-26 01:59:26.315 [INFO] MainActivity: Inference stats: 49 frames in 3030ms (16.2 fps), detections=17, latency=9ms
2026-04-26 01:59:29.325 [INFO] MainActivity: Inference stats: 45 frames in 3010ms (15.0 fps), detections=16, latency=11ms
2026-04-26 01:59:32.370 [INFO] MainActivity: Inference stats: 32 frames in 3045ms (10.5 fps), detections=16, latency=10ms
2026-04-26 01:59:35.402 [INFO] MainActivity: Inference stats: 50 frames in 3032ms (16.5 fps), detections=18, latency=11ms
2026-04-26 01:59:38.407 [INFO] MainActivity: Inference stats: 72 frames in 3005ms (24.0 fps), detections=17, latency=12ms
2026-04-26 01:59:41.444 [INFO] MainActivity: Inference stats: 74 frames in 3037ms (24.4 fps), detections=18, latency=11ms
2026-04-26 01:59:44.455 [INFO] MainActivity: Inference stats: 18 frames in 3011ms (6.0 fps), detections=21, latency=11ms
2026-04-26 01:59:48.374 [INFO] MainActivity: Inference stats: 4 frames in 3919ms (1.0 fps), detections=20, latency=11ms
2026-04-26 01:59:51.380 [INFO] MainActivity: Inference stats: 57 frames in 3006ms (19.0 fps), detections=20, latency=11ms
2026-04-26 01:59:54.407 [INFO] MainActivity: Inference stats: 17 frames in 3027ms (5.6 fps), detections=13, latency=8ms
2026-04-26 01:59:57.431 [INFO] MainActivity: Inference stats: 49 frames in 3024ms (16.2 fps), detections=12, latency=6ms
2026-04-26 02:00:00.438 [INFO] MainActivity: Inference stats: 24 frames in 3007ms (8.0 fps), detections=18, latency=32ms
